[debug] [2025-05-10T07:39:54.189Z] ----------------------------------------------------------------------
[debug] [2025-05-10T07:39:54.193Z] Command:       C:\Program Files\nodejs\node.exe C:\Users\prave\AppData\Roaming\npm\node_modules\firebase-tools\lib\bin\firebase.js deploy
[debug] [2025-05-10T07:39:54.194Z] CLI Version:   14.3.1
[debug] [2025-05-10T07:39:54.194Z] Platform:      win32
[debug] [2025-05-10T07:39:54.194Z] Node Version:  v20.0.0
[debug] [2025-05-10T07:39:54.194Z] Time:          Sat May 10 2025 13:09:54 GMT+0530 (India Standard Time)
[debug] [2025-05-10T07:39:54.194Z] ----------------------------------------------------------------------
[debug] 
[debug] [2025-05-10T07:39:54.462Z] > command requires scopes: ["email","openid","https://www.googleapis.com/auth/cloudplatformprojects.readonly","https://www.googleapis.com/auth/firebase","https://www.googleapis.com/auth/cloud-platform"]
[debug] [2025-05-10T07:39:54.463Z] > authorizing via signed-in user (praveenpulluru74@gmail.com)
[debug] [2025-05-10T07:39:54.463Z] [iam] checking project food-ordering-app-ad8a7 for permissions ["firebase.projects.get","firebasehosting.sites.update"]
[debug] [2025-05-10T07:39:54.466Z] Checked if tokens are valid: true, expires at: 1746865940485
[debug] [2025-05-10T07:39:54.466Z] Checked if tokens are valid: true, expires at: 1746865940485
[debug] [2025-05-10T07:39:54.468Z] >>> [apiv2][query] POST https://cloudresourcemanager.googleapis.com/v1/projects/food-ordering-app-ad8a7:testIamPermissions [none]
[debug] [2025-05-10T07:39:54.468Z] >>> [apiv2][(partial)header] POST https://cloudresourcemanager.googleapis.com/v1/projects/food-ordering-app-ad8a7:testIamPermissions x-goog-quota-user=projects/food-ordering-app-ad8a7
[debug] [2025-05-10T07:39:54.469Z] >>> [apiv2][body] POST https://cloudresourcemanager.googleapis.com/v1/projects/food-ordering-app-ad8a7:testIamPermissions {"permissions":["firebase.projects.get","firebasehosting.sites.update"]}
[debug] [2025-05-10T07:39:56.683Z] <<< [apiv2][status] POST https://cloudresourcemanager.googleapis.com/v1/projects/food-ordering-app-ad8a7:testIamPermissions 200
[debug] [2025-05-10T07:39:56.683Z] <<< [apiv2][body] POST https://cloudresourcemanager.googleapis.com/v1/projects/food-ordering-app-ad8a7:testIamPermissions {"permissions":["firebase.projects.get","firebasehosting.sites.update"]}
[debug] [2025-05-10T07:39:56.684Z] Checked if tokens are valid: true, expires at: 1746865940485
[debug] [2025-05-10T07:39:56.684Z] Checked if tokens are valid: true, expires at: 1746865940485
[debug] [2025-05-10T07:39:56.685Z] >>> [apiv2][query] GET https://firebase.googleapis.com/v1beta1/projects/food-ordering-app-ad8a7 [none]
[debug] [2025-05-10T07:40:01.850Z] *** [apiv2] error from fetch(https://firebase.googleapis.com/v1beta1/projects/food-ordering-app-ad8a7, {"headers":{},"method":"GET","signal":{}}): FetchError: request to https://firebase.googleapis.com/v1beta1/projects/food-ordering-app-ad8a7 failed, reason: Socket connection timeout
[debug] [2025-05-10T07:40:01.850Z] Failed to make request to https://firebase.googleapis.com/v1beta1/projects/food-ordering-app-ad8a7 (original: request to https://firebase.googleapis.com/v1beta1/projects/food-ordering-app-ad8a7 failed, reason: Socket connection timeout)
[error] 
[error] Error: Assertion failed: resolving hosting target of a site with no site name or target name. This should have caused an error earlier
